# JRE version: OpenJDK Runtime Environment (8.0_212-b04) (build 1.8.0_212-release-1586-b04)
# Java VM: OpenJDK 64-Bit Server VM (25.212-b04 mixed mode windows-amd64 compressed oops)
Heap:
 PSYoungGen      total 250368K, used 38214K [0x00000000e0000000, 0x00000000f0f80000, 0x0000000100000000)
  eden space 224768K, 9% used [0x00000000e0000000,0x00000000e152e7a8,0x00000000edb80000)
  from space 25600K, 64% used [0x00000000ef500000,0x00000000f0523290,0x00000000f0e00000)
  to   space 26112K, 0% used [0x00000000edb80000,0x00000000edb80000,0x00000000ef500000)
 ParOldGen       total 86528K, used 62557K [0x00000000a0000000, 0x00000000a5480000, 0x00000000e0000000)
  object space 86528K, 72% used [0x00000000a0000000,0x00000000a3d17618,0x00000000a5480000)
 Metaspace       used 92895K, capacity 96850K, committed 96920K, reserved 1132544K
  class space    used 12060K, capacity 12940K, committed 12968K, reserved 1048576K
GC Heap History (10 events):
Event: 17.204 GC heap before
{Heap before GC invocations=19 (full 3):
 PSYoungGen      total 158208K, used 140800K [0x00000000e0000000, 0x00000000ed800000, 0x0000000100000000)
  eden space 140800K, 100% used [0x00000000e0000000,0x00000000e8980000,0x00000000e8980000)
  from space 17408K, 0% used [0x00000000e8980000,0x00000000e8980000,0x00000000e9a80000)
  to   space 16896K, 0% used [0x00000000ec780000,0x00000000ec780000,0x00000000ed800000)
 ParOldGen       total 86528K, used 31072K [0x00000000a0000000, 0x00000000a5480000, 0x00000000e0000000)
  object space 86528K, 35% used [0x00000000a0000000,0x00000000a1e58078,0x00000000a5480000)
 Metaspace       used 63328K, capacity 65414K, committed 65560K, reserved 1105920K
  class space    used 8703K, capacity 9186K, committed 9256K, reserved 1048576K
Event: 17.228 GC heap after
Heap after GC invocations=19 (full 3):
 PSYoungGen      total 187392K, used 11972K [0x00000000e0000000, 0x00000000ed380000, 0x0000000100000000)
  eden space 175104K, 0% used [0x00000000e0000000,0x00000000e0000000,0x00000000eab00000)
  from space 12288K, 97% used [0x00000000ec780000,0x00000000ed331080,0x00000000ed380000)
  to   space 17920K, 0% used [0x00000000eb080000,0x00000000eb080000,0x00000000ec200000)
 ParOldGen       total 86528K, used 31080K [0x00000000a0000000, 0x00000000a5480000, 0x00000000e0000000)
  object space 86528K, 35% used [0x00000000a0000000,0x00000000a1e5a078,0x00000000a5480000)
 Metaspace       used 63328K, capacity 65414K, committed 65560K, reserved 1105920K
  class space    used 8703K, capacity 9186K, committed 9256K, reserved 1048576K
}
Event: 22.697 GC heap before
{Heap before GC invocations=20 (full 3):
 PSYoungGen      total 187392K, used 187076K [0x00000000e0000000, 0x00000000ed380000, 0x0000000100000000)
  eden space 175104K, 100% used [0x00000000e0000000,0x00000000eab00000,0x00000000eab00000)
  from space 12288K, 97% used [0x00000000ec780000,0x00000000ed331080,0x00000000ed380000)
  to   space 17920K, 0% used [0x00000000eb080000,0x00000000eb080000,0x00000000ec200000)
 ParOldGen       total 86528K, used 31080K [0x00000000a0000000, 0x00000000a5480000, 0x00000000e0000000)
  object space 86528K, 35% used [0x00000000a0000000,0x00000000a1e5a078,0x00000000a5480000)
 Metaspace       used 72835K, capacity 75932K, committed 76056K, reserved 1114112K
  class space    used 9841K, capacity 10520K, committed 10536K, reserved 1048576K
Event: 22.724 GC heap after
Heap after GC invocations=20 (full 3):
 PSYoungGen      total 198656K, used 17912K [0x00000000e0000000, 0x00000000ef080000, 0x0000000100000000)
  eden space 180736K, 0% used [0x00000000e0000000,0x00000000e0000000,0x00000000eb080000)
  from space 17920K, 99% used [0x00000000eb080000,0x00000000ec1fe120,0x00000000ec200000)
  to   space 23040K, 0% used [0x00000000eda00000,0x00000000eda00000,0x00000000ef080000)
 ParOldGen       total 86528K, used 37020K [0x00000000a0000000, 0x00000000a5480000, 0x00000000e0000000)
  object space 86528K, 42% used [0x00000000a0000000,0x00000000a2427398,0x00000000a5480000)
 Metaspace       used 72835K, capacity 75932K, committed 76056K, reserved 1114112K
  class space    used 9841K, capacity 10520K, committed 10536K, reserved 1048576K
}
Event: 4419.088 GC heap before
{Heap before GC invocations=21 (full 3):
 PSYoungGen      total 198656K, used 198648K [0x00000000e0000000, 0x00000000ef080000, 0x0000000100000000)
  eden space 180736K, 100% used [0x00000000e0000000,0x00000000eb080000,0x00000000eb080000)
  from space 17920K, 99% used [0x00000000eb080000,0x00000000ec1fe120,0x00000000ec200000)
  to   space 23040K, 0% used [0x00000000eda00000,0x00000000eda00000,0x00000000ef080000)
 ParOldGen       total 86528K, used 37020K [0x00000000a0000000, 0x00000000a5480000, 0x00000000e0000000)
  object space 86528K, 42% used [0x00000000a0000000,0x00000000a2427398,0x00000000a5480000)
 Metaspace       used 77434K, capacity 80736K, committed 80792K, reserved 1120256K
  class space    used 10160K, capacity 10903K, committed 10920K, reserved 1048576K
Event: 4419.178 GC heap after
Heap after GC invocations=21 (full 3):
 PSYoungGen      total 224256K, used 8481K [0x00000000e0000000, 0x00000000ef080000, 0x0000000100000000)
  eden space 201216K, 0% used [0x00000000e0000000,0x00000000e0000000,0x00000000ec480000)
  from space 23040K, 36% used [0x00000000eda00000,0x00000000ee248688,0x00000000ef080000)
  to   space 22016K, 0% used [0x00000000ec480000,0x00000000ec480000,0x00000000eda00000)
 ParOldGen       total 86528K, used 54718K [0x00000000a0000000, 0x00000000a5480000, 0x00000000e0000000)
  object space 86528K, 63% used [0x00000000a0000000,0x00000000a356f988,0x00000000a5480000)
 Metaspace       used 77434K, capacity 80736K, committed 80792K, reserved 1120256K
  class space    used 10160K, capacity 10903K, committed 10920K, reserved 1048576K
}
Event: 4428.500 GC heap before
{Heap before GC invocations=22 (full 3):
 PSYoungGen      total 224256K, used 209697K [0x00000000e0000000, 0x00000000ef080000, 0x0000000100000000)
  eden space 201216K, 100% used [0x00000000e0000000,0x00000000ec480000,0x00000000ec480000)
  from space 23040K, 36% used [0x00000000eda00000,0x00000000ee248688,0x00000000ef080000)
  to   space 22016K, 0% used [0x00000000ec480000,0x00000000ec480000,0x00000000eda00000)
 ParOldGen       total 86528K, used 54718K [0x00000000a0000000, 0x00000000a5480000, 0x00000000e0000000)
  object space 86528K, 63% used [0x00000000a0000000,0x00000000a356f988,0x00000000a5480000)
 Metaspace       used 84364K, capacity 87930K, committed 88216K, reserved 1126400K
  class space    used 11012K, capacity 11832K, committed 11944K, reserved 1048576K
Event: 4428.598 GC heap after
Heap after GC invocations=22 (full 3):
 PSYoungGen      total 223232K, used 21995K [0x00000000e0000000, 0x00000000f0e00000, 0x0000000100000000)
  eden space 201216K, 0% used [0x00000000e0000000,0x00000000e0000000,0x00000000ec480000)
  from space 22016K, 99% used [0x00000000ec480000,0x00000000ed9facb8,0x00000000eda00000)
  to   space 25600K, 0% used [0x00000000ef500000,0x00000000ef500000,0x00000000f0e00000)
 ParOldGen       total 86528K, used 54862K [0x00000000a0000000, 0x00000000a5480000, 0x00000000e0000000)
  object space 86528K, 63% used [0x00000000a0000000,0x00000000a3593930,0x00000000a5480000)
 Metaspace       used 84364K, capacity 87930K, committed 88216K, reserved 1126400K
  class space    used 11012K, capacity 11832K, committed 11944K, reserved 1048576K
}
Event: 4565.590 GC heap before
{Heap before GC invocations=23 (full 3):
 PSYoungGen      total 223232K, used 223211K [0x00000000e0000000, 0x00000000f0e00000, 0x0000000100000000)
  eden space 201216K, 100% used [0x00000000e0000000,0x00000000ec480000,0x00000000ec480000)
  from space 22016K, 99% used [0x00000000ec480000,0x00000000ed9facb8,0x00000000eda00000)
  to   space 25600K, 0% used [0x00000000ef500000,0x00000000ef500000,0x00000000f0e00000)
 ParOldGen       total 86528K, used 54862K [0x00000000a0000000, 0x00000000a5480000, 0x00000000e0000000)
  object space 86528K, 63% used [0x00000000a0000000,0x00000000a3593930,0x00000000a5480000)
 Metaspace       used 90474K, capacity 94152K, committed 94232K, reserved 1130496K
  class space    used 11704K, capacity 12549K, committed 12584K, reserved 1048576K
Event: 4567.337 GC heap after
Heap after GC invocations=23 (full 3):
 PSYoungGen      total 250368K, used 16524K [0x00000000e0000000, 0x00000000f0f80000, 0x0000000100000000)
  eden space 224768K, 0% used [0x00000000e0000000,0x00000000e0000000,0x00000000edb80000)
  from space 25600K, 64% used [0x00000000ef500000,0x00000000f0523290,0x00000000f0e00000)
  to   space 26112K, 0% used [0x00000000edb80000,0x00000000edb80000,0x00000000ef500000)
 ParOldGen       total 86528K, used 62557K [0x00000000a0000000, 0x00000000a5480000, 0x00000000e0000000)
  object space 86528K, 72% used [0x00000000a0000000,0x00000000a3d17618,0x00000000a5480000)
 Metaspace       used 90474K, capacity 94152K, committed 94232K, reserved 1130496K
  class space    used 11704K, capacity 12549K, committed 12584K, reserved 1048576K
}

